#
# A fatal error has been detected by the Java Runtime Environment:
#
#  EXCEPTION_ACCESS_VIOLATION (0xc0000005) at pc=0x6793fe2b, pid=6732, tid=2780
#
# JRE version: 7.0_21-b11
# Java VM: Java HotSpot(TM) Client VM (23.21-b01 mixed mode, sharing windows-x86 )
# Problematic frame:
# C  [glass.dll+0xfe2b]  Java_com_sun_glass_events_KeyEvent__1getKeyCodeForChar+0x132b
#
# Failed to write core dump. Minidumps are not enabled by default on client versions of Windows
#
# If you would like to submit a bug report, please visit:
#   http://bugreport.sun.com/bugreport/crash.jsp
# The crash happened outside the Java Virtual Machine in native code.
# See problematic frame for where to report the bug.
#

---------------  T H R E A D  ---------------

Current thread (0x040f8000):  JavaThread "JavaFX Application Thread" [_thread_in_native, id=2780, stack(0x04550000,0x045a0000)]

siginfo: ExceptionCode=0xc0000005, reading address 0x00000063

Registers:
EAX=0x072805f8, EBX=0x00000000, ECX=0x0000005b, EDX=0x7ff1d000
ESP=0x0459e3bc, EBP=0x00000000, ESI=0x0419b75c, EDI=0x75cc2823
EIP=0x6793fe2b, EFLAGS=0x00010202

Top of Stack: (sp=0x0459e3bc)
0x0459e3bc:   00000401 0419b750 0459e560 679332a5
0x0459e3cc:   0459e560 0459e560 679346b9 0459e560
0x0459e3dc:   0459e560 67931b9c 00140306 04111fa8
0x0459e3ec:   00000000 00000401 679311e3 00000401
0x0459e3fc:   0459e560 00000000 00000001 00000401
0x0459e40c:   0459e43c 00000000 77057443 00140306
0x0459e41c:   00000401 0459e560 00000000 00000401
0x0459e42c:   dcbaabcd 00000000 00000001 00000401 

Instructions: (pc=0x6793fe2b)
0x6793fe0b:   ff d7 33 db 3c 06 77 0f ff d7 3c 06 75 3f ff d7
0x6793fe1b:   c1 e8 08 3c 01 72 36 8b 46 1c 3b c3 74 0b 8b 08
0x6793fe2b:   8b 51 08 50 ff d2 89 5e 1c 8b 46 20 3b c3 74 0b
0x6793fe3b:   8b 08 8b 51 08 50 ff d2 89 5e 20 8b 46 24 3b c3 


Register to memory mapping:

EAX=0x072805f8 is an unknown value
EBX=0x00000000 is an unknown value
ECX=0x0000005b is an unknown value
EDX=0x7ff1d000 is an unknown value
ESP=0x0459e3bc is pointing into the stack for thread: 0x040f8000
EBP=0x00000000 is an unknown value
ESI=0x0419b75c is an unknown value
EDI=0x75cc2823 is an unknown value


Stack: [0x04550000,0x045a0000],  sp=0x0459e3bc,  free space=312k
Native frames: (J=compiled Java code, j=interpreted, Vv=VM code, C=native code)
C  [glass.dll+0xfe2b]  Java_com_sun_glass_events_KeyEvent__1getKeyCodeForChar+0x132b

[error occurred during error reporting (printing native stack), id 0xc0000005]

Java frames: (J=compiled Java code, j=interpreted, Vv=VM code)
j  com.sun.glass.ui.win.WinWindow._close(J)Z+0
j  com.sun.glass.ui.Window.close()V+51
j  com.sun.javafx.tk.quantum.WindowStage.close()V+15
j  javafx.stage.Window$9.invalidated()V+567
J  javafx.beans.property.BooleanPropertyBase.set(Z)V
j  javafx.stage.Window.setShowing(Z)V+11
j  javafx.stage.Window.hide()V+2
j  com.sun.javafx.stage.WindowCloseRequestHandler.dispatchBubblingEvent(Ljavafx/event/Event;)Ljavafx/event/Event;+14
j  com.sun.javafx.event.CompositeEventDispatcher.dispatchBubblingEvent(Ljavafx/event/Event;)Ljavafx/event/Event;+11
j  com.sun.javafx.event.BasicEventDispatcher.dispatchEvent(Ljavafx/event/Event;Ljavafx/event/EventDispatchChain;)Ljavafx/event/Event;+29
j  com.sun.javafx.event.EventDispatchChainImpl.dispatchEvent(Ljavafx/event/Event;)Ljavafx/event/Event;+69
j  com.sun.javafx.event.EventUtil.fireEventImpl(Ljavafx/event/EventDispatchChain;Ljavafx/event/EventTarget;Ljavafx/event/Event;)Ljavafx/event/Event;+10
j  com.sun.javafx.event.EventUtil.fireEvent(Ljavafx/event/EventTarget;Ljavafx/event/Event;)Ljavafx/event/Event;+46
j  javafx.event.Event.fireEvent(Ljavafx/event/EventTarget;Ljavafx/event/Event;)V+30
j  com.sun.javafx.stage.WindowPeerListener.closing()V+18
j  com.sun.javafx.tk.quantum.GlassWindowEventHandler.run()Ljava/lang/Void;+428
j  com.sun.javafx.tk.quantum.GlassWindowEventHandler.run()Ljava/lang/Object;+1
v  ~StubRoutines::call_stub
j  java.security.AccessController.doPrivileged(Ljava/security/PrivilegedAction;Ljava/security/AccessControlContext;)Ljava/lang/Object;+0
j  com.sun.javafx.tk.quantum.GlassWindowEventHandler.handleWindowEvent(Lcom/sun/glass/ui/Window;JI)V+28
j  com.sun.glass.ui.Window.handleWindowEvent(JI)V+14
j  com.sun.glass.ui.Window.notifyClose()V+7
v  ~StubRoutines::call_stub
j  com.sun.glass.ui.win.WinApplication._runLoop([Ljava/lang/String;Lcom/sun/glass/ui/Launchable;)V+0
j  com.sun.glass.ui.win.WinApplication.access$100(Lcom/sun/glass/ui/win/WinApplication;[Ljava/lang/String;Lcom/sun/glass/ui/Launchable;)V+3
j  com.sun.glass.ui.win.WinApplication$3$1.run()V+32
j  java.lang.Thread.run()V+11
v  ~StubRoutines::call_stub

---------------  P R O C E S S  ---------------

Java Threads: ( => current thread )
  0x0bad2400 JavaThread "Media Resource Disposer" daemon [_thread_blocked, id=7096, stack(0x0f920000,0x0f970000)]
  0x0bad2000 JavaThread "Keep-Alive-SocketCleaner" daemon [_thread_blocked, id=4860, stack(0x0c9d0000,0x0ca20000)]
  0x09954400 JavaThread "URL-Loader-20" daemon [_thread_blocked, id=4268, stack(0x0bf60000,0x0bfb0000)]
  0x09952400 JavaThread "URL-Loader-19" daemon [_thread_blocked, id=5792, stack(0x0bf10000,0x0bf60000)]
  0x09519400 JavaThread "URL-Loader-18" daemon [_thread_blocked, id=3440, stack(0x0bec0000,0x0bf10000)]
  0x09519000 JavaThread "URL-Loader-17" daemon [_thread_blocked, id=5612, stack(0x0be30000,0x0be80000)]
  0x0951a400 JavaThread "URL-Loader-16" daemon [_thread_blocked, id=8108, stack(0x0bbf0000,0x0bc40000)]
  0x09517c00 JavaThread "URL-Loader-15" daemon [_thread_blocked, id=7624, stack(0x0bb80000,0x0bbd0000)]
  0x09518400 JavaThread "URL-Loader-14" daemon [_thread_blocked, id=3400, stack(0x0aab0000,0x0ab00000)]
  0x09517800 JavaThread "URL-Loader-13" daemon [_thread_blocked, id=7652, stack(0x0aa60000,0x0aab0000)]
  0x06b1cc00 JavaThread "URL-Loader-12" daemon [_thread_blocked, id=3584, stack(0x09d70000,0x09dc0000)]
  0x06b1b000 JavaThread "URL-Loader-11" daemon [_thread_blocked, id=5232, stack(0x09d20000,0x09d70000)]
  0x06b1c400 JavaThread "URL-Loader-10" daemon [_thread_blocked, id=7940, stack(0x09cd0000,0x09d20000)]
  0x06b1c000 JavaThread "URL-Loader-9" daemon [_thread_blocked, id=4924, stack(0x09980000,0x099d0000)]
  0x06b1ac00 JavaThread "URL-Loader-8" daemon [_thread_blocked, id=3796, stack(0x09c30000,0x09c80000)]
  0x06b1a400 JavaThread "URL-Loader-7" daemon [_thread_blocked, id=7912, stack(0x09be0000,0x09c30000)]
  0x06b1b800 JavaThread "URL-Loader-6" daemon [_thread_blocked, id=6776, stack(0x09a60000,0x09ab0000)]
  0x06b19400 JavaThread "URL-Loader-5" daemon [_thread_blocked, id=2844, stack(0x09a10000,0x09a60000)]
  0x06b19800 JavaThread "URL-Loader-4" daemon [_thread_blocked, id=892, stack(0x09130000,0x09180000)]
  0x06bee000 JavaThread "URL-Loader-3" daemon [_thread_blocked, id=5768, stack(0x090e0000,0x09130000)]
  0x0415e000 JavaThread "URL-Loader-2" daemon [_thread_blocked, id=5184, stack(0x09080000,0x090d0000)]
  0x06b50800 JavaThread "Keep-Alive-Timer" daemon [_thread_blocked, id=7772, stack(0x071b0000,0x07200000)]
  0x06ab7000 JavaThread "URL-Loader-1" daemon [_thread_blocked, id=6224, stack(0x06ed0000,0x06f20000)]
  0x0420d400 JavaThread "Prism Font Disposer" daemon [_thread_blocked, id=3956, stack(0x06e80000,0x06ed0000)]
  0x041d3800 JavaThread "Disposer" daemon [_thread_blocked, id=3900, stack(0x06280000,0x062d0000)]
  0x04136c00 JavaThread "Thread-2" daemon [_thread_in_native, id=8008, stack(0x06220000,0x06270000)]
=>0x040f8000 JavaThread "JavaFX Application Thread" [_thread_in_native, id=2780, stack(0x04550000,0x045a0000)]
  0x040f7c00 JavaThread "Disposer" daemon [_thread_blocked, id=3580, stack(0x04500000,0x04550000)]
  0x040e8400 JavaThread "QuantumRenderer-0" daemon [_thread_blocked, id=7204, stack(0x03fc0000,0x04010000)]
  0x04046400 JavaThread "JavaFX-Launcher" [_thread_blocked, id=3324, stack(0x03f70000,0x03fc0000)]
  0x01b65800 JavaThread "Service Thread" daemon [_thread_blocked, id=7788, stack(0x03ed0000,0x03f20000)]
  0x01b5d400 JavaThread "C1 CompilerThread0" daemon [_thread_blocked, id=3564, stack(0x03e80000,0x03ed0000)]
  0x01b5c000 JavaThread "Attach Listener" daemon [_thread_blocked, id=7824, stack(0x03e30000,0x03e80000)]
  0x01b59c00 JavaThread "Signal Dispatcher" daemon [_thread_blocked, id=4368, stack(0x03de0000,0x03e30000)]
  0x01b47c00 JavaThread "Finalizer" daemon [_thread_blocked, id=36, stack(0x03d90000,0x03de0000)]
  0x01b43000 JavaThread "Reference Handler" daemon [_thread_blocked, id=432, stack(0x03d40000,0x03d90000)]
  0x01aaa800 JavaThread "main" [_thread_blocked, id=5932, stack(0x00a40000,0x00a90000)]

Other Threads:
  0x01b41c00 VMThread [stack: 0x03cf0000,0x03d40000] [id=3380]
  0x01b72000 WatcherThread [stack: 0x03f20000,0x03f70000] [id=3504]

VM state:not at safepoint (normal execution)

VM Mutex/Monitor currently owned by a thread: None

Heap
 def new generation   total 9216K, used 2241K [0x23d60000, 0x24750000, 0x292b0000)
  eden space 8256K,  23% used [0x23d60000, 0x23f3d938, 0x24570000)
  from space 960K,  34% used [0x24660000, 0x246b2c70, 0x24750000)
  to   space 960K,   0% used [0x24570000, 0x24570000, 0x24660000)
 tenured generation   total 20320K, used 14257K [0x292b0000, 0x2a688000, 0x33d60000)
   the space 20320K,  70% used [0x292b0000, 0x2a09c708, 0x2a09c800, 0x2a688000)
 compacting perm gen  total 12288K, used 9190K [0x33d60000, 0x34960000, 0x37d60000)
   the space 12288K,  74% used [0x33d60000, 0x346599e0, 0x34659a00, 0x34960000)
    ro space 10240K,  45% used [0x37d60000, 0x381e7988, 0x381e7a00, 0x38760000)
    rw space 12288K,  54% used [0x38760000, 0x38deb5d8, 0x38deb600, 0x39360000)

Card table byte_map: [0x03bd0000,0x03c80000] byte_map_base: 0x03ab1500

Polling page: 0x00c70000

Code Cache  [0x01bd0000, 0x01eb8000, 0x03bd0000)
 total_blobs=1919 nmethods=1542 adapters=310 free_code_cache=29793Kb largest_free_block=30508096

Compilation events (10 events):
Event: 23.422 Thread 0x01b5d400 1540             com.sun.scenario.effect.Effect$1::getState (5 bytes)
Event: 23.423 Thread 0x01b5d400 nmethod 1540 0x01eb6648 code [0x01eb6750, 0x01eb67ec]
Event: 23.423 Thread 0x01b5d400 1541             com.sun.scenario.effect.GaussianShadow::getState (5 bytes)
Event: 23.423 Thread 0x01b5d400 nmethod 1541 0x01eb6848 code [0x01eb6940, 0x01eb69c0]
Event: 23.423 Thread 0x01b5d400 1542             com.sun.scenario.effect.impl.EffectPeer::getPass (5 bytes)
Event: 23.423 Thread 0x01b5d400 nmethod 1542 0x01eb6a08 code [0x01eb6b00, 0x01eb6b80]
Event: 23.423 Thread 0x01b5d400 1543             com.sun.t2k.CompositeStrike::getOutline (148 bytes)
Event: 23.424 Thread 0x01b5d400 nmethod 1543 0x01eb6bc8 code [0x01eb6d60, 0x01eb71f0]
Event: 23.424 Thread 0x01b5d400 1544             com.sun.t2k.T2KGlyph::getGlyphCode (5 bytes)
Event: 23.424 Thread 0x01b5d400 nmethod 1544 0x01eb7a08 code [0x01eb7b00, 0x01eb7b80]

GC Heap History (10 events):
Event: 11.758 GC heap before
{Heap before GC invocations=70 (full 0):
 def new generation   total 4928K, used 4907K [0x23d60000, 0x242b0000, 0x292b0000)
  eden space 4416K,  99% used [0x23d60000, 0x241aae88, 0x241b0000)
  from space 512K,  99% used [0x241b0000, 0x2422ff98, 0x24230000)
  to   space 512K,   0% used [0x24230000, 0x24230000, 0x242b0000)
 tenured generation   total 10944K, used 9822K [0x292b0000, 0x29d60000, 0x33d60000)
   the space 10944K,  89% used [0x292b0000, 0x29c47828, 0x29c47a00, 0x29d60000)
 compacting perm gen  total 12288K, used 8799K [0x33d60000, 0x34960000, 0x37d60000)
   the space 12288K,  71% used [0x33d60000, 0x345f7fe8, 0x345f8000, 0x34960000)
    ro space 10240K,  45% used [0x37d60000, 0x381e7988, 0x381e7a00, 0x38760000)
    rw space 12288K,  54% used [0x38760000, 0x38deb5d8, 0x38deb600, 0x39360000)
Event: 11.765 GC heap after
Heap after GC invocations=71 (full 0):
 def new generation   total 4928K, used 512K [0x23d60000, 0x242b0000, 0x292b0000)
  eden space 4416K,   0% used [0x23d60000, 0x23d60000, 0x241b0000)
  from space 512K, 100% used [0x24230000, 0x242b0000, 0x242b0000)
  to   space 512K,   0% used [0x241b0000, 0x241b0000, 0x24230000)
 tenured generation   total 10944K, used 10837K [0x292b0000, 0x29d60000, 0x33d60000)
   the space 10944K,  99% used [0x292b0000, 0x29d45538, 0x29d45600, 0x29d60000)
 compacting perm gen  total 12288K, used 8799K [0x33d60000, 0x34960000, 0x37d60000)
   the space 12288K,  71% used [0x33d60000, 0x345f7fe8, 0x345f8000, 0x34960000)
    ro space 10240K,  45% used [0x37d60000, 0x381e7988, 0x381e7a00, 0x38760000)
    rw space 12288K,  54% used [0x38760000, 0x38deb5d8, 0x38deb600, 0x39360000)
}
Event: 12.532 GC heap before
{Heap before GC invocations=71 (full 0):
 def new generation   total 4928K, used 4928K [0x23d60000, 0x242b0000, 0x292b0000)
  eden space 4416K, 100% used [0x23d60000, 0x241b0000, 0x241b0000)
  from space 512K, 100% used [0x24230000, 0x242b0000, 0x242b0000)
  to   space 512K,   0% used [0x241b0000, 0x241b0000, 0x24230000)
 tenured generation   total 10944K, used 10837K [0x292b0000, 0x29d60000, 0x33d60000)
   the space 10944K,  99% used [0x292b0000, 0x29d45538, 0x29d45600, 0x29d60000)
 compacting perm gen  total 12288K, used 8925K [0x33d60000, 0x34960000, 0x37d60000)
   the space 12288K,  72% used [0x33d60000, 0x346175c0, 0x34617600, 0x34960000)
    ro space 10240K,  45% used [0x37d60000, 0x381e7988, 0x381e7a00, 0x38760000)
    rw space 12288K,  54% used [0x38760000, 0x38deb5d8, 0x38deb600, 0x39360000)
Event: 12.615 GC heap after
Heap after GC invocations=72 (full 1):
 def new generation   total 9216K, used 0K [0x23d60000, 0x24750000, 0x292b0000)
  eden space 8256K,   0% used [0x23d60000, 0x23d60000, 0x24570000)
  from space 960K,   0% used [0x24570000, 0x24570000, 0x24660000)
  to   space 960K,   0% used [0x24660000, 0x24660000, 0x24750000)
 tenured generation   total 20320K, used 12191K [0x292b0000, 0x2a688000, 0x33d60000)
   the space 20320K,  59% used [0x292b0000, 0x29e97d58, 0x29e97e00, 0x2a688000)
 compacting perm gen  total 12288K, used 8925K [0x33d60000, 0x34960000, 0x37d60000)
   the space 12288K,  72% used [0x33d60000, 0x346175c0, 0x34617600, 0x34960000)
    ro space 10240K,  45% used [0x37d60000, 0x381e7988, 0x381e7a00, 0x38760000)
    rw space 12288K,  54% used [0x38760000, 0x38deb5d8, 0x38deb600, 0x39360000)
}
Event: 15.175 GC heap before
{Heap before GC invocations=72 (full 1):
 def new generation   total 9216K, used 8256K [0x23d60000, 0x24750000, 0x292b0000)
  eden space 8256K, 100% used [0x23d60000, 0x24570000, 0x24570000)
  from space 960K,   0% used [0x24570000, 0x24570000, 0x24660000)
  to   space 960K,   0% used [0x24660000, 0x24660000, 0x24750000)
 tenured generation   total 20320K, used 12191K [0x292b0000, 0x2a688000, 0x33d60000)
   the space 20320K,  59% used [0x292b0000, 0x29e97d58, 0x29e97e00, 0x2a688000)
 compacting perm gen  total 12288K, used 9185K [0x33d60000, 0x34960000, 0x37d60000)
   the space 12288K,  74% used [0x33d60000, 0x346584b0, 0x34658600, 0x34960000)
    ro space 10240K,  45% used [0x37d60000, 0x381e7988, 0x381e7a00, 0x38760000)
    rw space 12288K,  54% used [0x38760000, 0x38deb5d8, 0x38deb600, 0x39360000)
Event: 15.181 GC heap after
Heap after GC invocations=73 (full 1):
 def new generation   total 9216K, used 960K [0x23d60000, 0x24750000, 0x292b0000)
  eden space 8256K,   0% used [0x23d60000, 0x23d60000, 0x24570000)
  from space 960K, 100% used [0x24660000, 0x24750000, 0x24750000)
  to   space 960K,   0% used [0x24570000, 0x24570000, 0x24660000)
 tenured generation   total 20320K, used 12943K [0x292b0000, 0x2a688000, 0x33d60000)
   the space 20320K,  63% used [0x292b0000, 0x29f53e50, 0x29f54000, 0x2a688000)
 compacting perm gen  total 12288K, used 9185K [0x33d60000, 0x34960000, 0x37d60000)
   the space 12288K,  74% used [0x33d60000, 0x346584b0, 0x34658600, 0x34960000)
    ro space 10240K,  45% used [0x37d60000, 0x381e7988, 0x381e7a00, 0x38760000)
    rw space 12288K,  54% used [0x38760000, 0x38deb5d8, 0x38deb600, 0x39360000)
}
Event: 17.712 GC heap before
{Heap before GC invocations=73 (full 1):
 def new generation   total 9216K, used 9216K [0x23d60000, 0x24750000, 0x292b0000)
  eden space 8256K, 100% used [0x23d60000, 0x24570000, 0x24570000)
  from space 960K, 100% used [0x24660000, 0x24750000, 0x24750000)
  to   space 960K,   0% used [0x24570000, 0x24570000, 0x24660000)
 tenured generation   total 20320K, used 12943K [0x292b0000, 0x2a688000, 0x33d60000)
   the space 20320K,  63% used [0x292b0000, 0x29f53e50, 0x29f54000, 0x2a688000)
 compacting perm gen  total 12288K, used 9187K [0x33d60000, 0x34960000, 0x37d60000)
   the space 12288K,  74% used [0x33d60000, 0x34658e98, 0x34659000, 0x34960000)
    ro space 10240K,  45% used [0x37d60000, 0x381e7988, 0x381e7a00, 0x38760000)
    rw space 12288K,  54% used [0x38760000, 0x38deb5d8, 0x38deb600, 0x39360000)
Event: 17.717 GC heap after
Heap after GC invocations=74 (full 1):
 def new generation   total 9216K, used 624K [0x23d60000, 0x24750000, 0x292b0000)
  eden space 8256K,   0% used [0x23d60000, 0x23d60000, 0x24570000)
  from space 960K,  65% used [0x24570000, 0x2460c2a0, 0x24660000)
  to   space 960K,   0% used [0x24660000, 0x24660000, 0x24750000)
 tenured generation   total 20320K, used 13821K [0x292b0000, 0x2a688000, 0x33d60000)
   the space 20320K,  68% used [0x292b0000, 0x2a02f488, 0x2a02f600, 0x2a688000)
 compacting perm gen  total 12288K, used 9187K [0x33d60000, 0x34960000, 0x37d60000)
   the space 12288K,  74% used [0x33d60000, 0x34658e98, 0x34659000, 0x34960000)
    ro space 10240K,  45% used [0x37d60000, 0x381e7988, 0x381e7a00, 0x38760000)
    rw space 12288K,  54% used [0x38760000, 0x38deb5d8, 0x38deb600, 0x39360000)
}
Event: 22.225 GC heap before
{Heap before GC invocations=74 (full 1):
 def new generation   total 9216K, used 8880K [0x23d60000, 0x24750000, 0x292b0000)
  eden space 8256K, 100% used [0x23d60000, 0x24570000, 0x24570000)
  from space 960K,  65% used [0x24570000, 0x2460c2a0, 0x24660000)
  to   space 960K,   0% used [0x24660000, 0x24660000, 0x24750000)
 tenured generation   total 20320K, used 13821K [0x292b0000, 0x2a688000, 0x33d60000)
   the space 20320K,  68% used [0x292b0000, 0x2a02f488, 0x2a02f600, 0x2a688000)
 compacting perm gen  total 12288K, used 9188K [0x33d60000, 0x34960000, 0x37d60000)
   the space 12288K,  74% used [0x33d60000, 0x34659108, 0x34659200, 0x34960000)
    ro space 10240K,  45% used [0x37d60000, 0x381e7988, 0x381e7a00, 0x38760000)
    rw space 12288K,  54% used [0x38760000, 0x38deb5d8, 0x38deb600, 0x39360000)
Event: 22.230 GC heap after
Heap after GC invocations=75 (full 1):
 def new generation   total 9216K, used 331K [0x23d60000, 0x24750000, 0x292b0000)
  eden space 8256K,   0% used [0x23d60000, 0x23d60000, 0x24570000)
  from space 960K,  34% used [0x24660000, 0x246b2c70, 0x24750000)
  to   space 960K,   0% used [0x24570000, 0x24570000, 0x24660000)
 tenured generation   total 20320K, used 14257K [0x292b0000, 0x2a688000, 0x33d60000)
   the space 20320K,  70% used [0x292b0000, 0x2a09c708, 0x2a09c800, 0x2a688000)
 compacting perm gen  total 12288K, used 9188K [0x33d60000, 0x34960000, 0x37d60000)
   the space 12288K,  74% used [0x33d60000, 0x34659108, 0x34659200, 0x34960000)
    ro space 10240K,  45% used [0x37d60000, 0x381e7988, 0x381e7a00, 0x38760000)
    rw space 12288K,  54% used [0x38760000, 0x38deb5d8, 0x38deb600, 0x39360000)
}

Deoptimization events (0 events):
No events

Internal exceptions (10 events):
Event: 19.532 Thread 0x040f8000 Threw 0x24119aa0 at C:\jdk7u2_32P\jdk7u21\hotspot\src\share\vm\prims\jvm.cpp:1166
Event: 19.532 Thread 0x040f8000 Threw 0x2411a360 at C:\jdk7u2_32P\jdk7u21\hotspot\src\share\vm\prims\jvm.cpp:1166
Event: 22.444 Thread 0x040f8000 Threw 0x23e538d8 at C:\jdk7u2_32P\jdk7u21\hotspot\src\share\vm\classfile\systemDictionary.cpp:179
Event: 22.444 Thread 0x040f8000 Threw 0x23e53df8 at C:\jdk7u2_32P\jdk7u21\hotspot\src\share\vm\prims\jvm.cpp:1166
Event: 22.444 Thread 0x040f8000 Threw 0x23e546b8 at C:\jdk7u2_32P\jdk7u21\hotspot\src\share\vm\prims\jvm.cpp:1166
Event: 22.444 Thread 0x040f8000 Threw 0x23e54e28 at C:\jdk7u2_32P\jdk7u21\hotspot\src\share\vm\classfile\systemDictionary.cpp:179
Event: 22.444 Thread 0x040f8000 Threw 0x23e55348 at C:\jdk7u2_32P\jdk7u21\hotspot\src\share\vm\prims\jvm.cpp:1166
Event: 22.444 Thread 0x040f8000 Threw 0x23e55c08 at C:\jdk7u2_32P\jdk7u21\hotspot\src\share\vm\prims\jvm.cpp:1166
Event: 23.522 Thread 0x040f8000 Threw 0x23f003e0 at C:\jdk7u2_32P\jdk7u21\hotspot\src\share\vm\prims\jvm.cpp:1166
Event: 23.522 Thread 0x040f8000 Threw 0x23f02060 at C:\jdk7u2_32P\jdk7u21\hotspot\src\share\vm\prims\jvm.cpp:1166

Events (10 events):
Event: 23.263 Executing VM operation: RevokeBias done
Event: 23.263 Executing VM operation: RevokeBias
Event: 23.263 Executing VM operation: RevokeBias done
Event: 23.327 Executing VM operation: RevokeBias
Event: 23.327 Executing VM operation: RevokeBias done
Event: 23.327 Thread 0x0bad0c00 Thread exited: 0x0bad0c00
Event: 23.522 loading class 0x04060e10
Event: 23.522 loading class 0x04060e10 done
Event: 23.522 loading class 0x040e92c8
Event: 23.522 loading class 0x040e92c8 done


Dynamic libraries:
0x00da0000 - 0x00dcf000 	C:\Program Files\Java\jdk1.7.0_21\bin\java.exe
0x77440000 - 0x775a7000 	C:\WINDOWS\SYSTEM32\ntdll.dll
0x75cc0000 - 0x75db8000 	C:\WINDOWS\system32\KERNEL32.DLL
0x74b80000 - 0x74c3d000 	C:\WINDOWS\system32\KERNELBASE.dll
0x704e0000 - 0x70587000 	C:\WINDOWS\system32\apphelp.dll
0x75700000 - 0x757ae000 	C:\WINDOWS\system32\ADVAPI32.dll
0x77050000 - 0x77171000 	C:\WINDOWS\system32\USER32.dll
0x73ea0000 - 0x74097000 	C:\WINDOWS\WinSxS\x86_microsoft.windows.common-controls_6595b64144ccf1df_6.0.9200.16384_none_893961408605e985\COMCTL32.dll
0x77370000 - 0x77421000 	C:\WINDOWS\system32\msvcrt.dll
0x74ee0000 - 0x74f14000 	C:\WINDOWS\SYSTEM32\sechost.dll
0x75a30000 - 0x75b02000 	C:\WINDOWS\system32\RPCRT4.dll
0x74f20000 - 0x7502a000 	C:\WINDOWS\system32\GDI32.dll
0x77260000 - 0x7728b000 	C:\WINDOWS\system32\IMM32.DLL
0x757b0000 - 0x7588c000 	C:\WINDOWS\system32\MSCTF.dll
0x6f830000 - 0x6f8ee000 	C:\Program Files\Java\jdk1.7.0_21\jre\bin\msvcr100.dll
0x6f8f0000 - 0x6fc3f000 	C:\Program Files\Java\jdk1.7.0_21\jre\bin\client\jvm.dll
0x70460000 - 0x70468000 	C:\WINDOWS\SYSTEM32\WSOCK32.dll
0x6e550000 - 0x6e571000 	C:\WINDOWS\SYSTEM32\WINMM.dll
0x76f20000 - 0x76f26000 	C:\WINDOWS\system32\PSAPI.DLL
0x75500000 - 0x75550000 	C:\WINDOWS\system32\WS2_32.dll
0x6e520000 - 0x6e54a000 	C:\WINDOWS\SYSTEM32\WINMMBASE.dll
0x77430000 - 0x77438000 	C:\WINDOWS\system32\NSI.dll
0x72720000 - 0x7272c000 	C:\Program Files\Java\jdk1.7.0_21\jre\bin\verify.dll
0x71ff0000 - 0x72010000 	C:\Program Files\Java\jdk1.7.0_21\jre\bin\java.dll
0x705a0000 - 0x705b3000 	C:\Program Files\Java\jdk1.7.0_21\jre\bin\zip.dll
0x6ee70000 - 0x6ee7d000 	C:\Program Files\Java\jdk1.7.0_21\jre\bin\prism-d3d.dll
0x6b940000 - 0x6baf5000 	C:\WINDOWS\system32\d3d9.dll
0x706b0000 - 0x706b8000 	C:\WINDOWS\SYSTEM32\VERSION.dll
0x731a0000 - 0x731b9000 	C:\WINDOWS\SYSTEM32\dwmapi.dll
0x738c0000 - 0x73967000 	C:\WINDOWS\system32\uxtheme.dll
0x10000000 - 0x104ec000 	C:\WINDOWS\SYSTEM32\nvd3dum.dll
0x67930000 - 0x67957000 	C:\Program Files\Java\jdk1.7.0_21\jre\bin\glass.dll
0x75dc0000 - 0x75e49000 	C:\WINDOWS\system32\COMDLG32.dll
0x75ba0000 - 0x75cb9000 	C:\WINDOWS\system32\ole32.dll
0x75b10000 - 0x75b9b000 	C:\WINDOWS\system32\OLEAUT32.dll
0x77330000 - 0x77370000 	C:\WINDOWS\system32\SHLWAPI.dll
0x75e50000 - 0x76f15000 	C:\WINDOWS\system32\SHELL32.dll
0x751f0000 - 0x75326000 	C:\WINDOWS\SYSTEM32\combase.dll
0x771e0000 - 0x77255000 	C:\WINDOWS\system32\SHCORE.DLL
0x74970000 - 0x74979000 	C:\WINDOWS\SYSTEM32\CRYPTBASE.dll
0x748c0000 - 0x74911000 	C:\WINDOWS\SYSTEM32\bcryptPrimitives.dll
0x5cba0000 - 0x5cc0f000 	C:\Program Files\Java\jdk1.7.0_21\jre\bin\libxml2.dll
0x677f0000 - 0x67818000 	C:\Program Files\Java\jdk1.7.0_21\jre\bin\libxslt.dll
0x531c0000 - 0x53d1f000 	C:\Program Files\Java\jdk1.7.0_21\jre\bin\jfxwebkit.dll
0x74490000 - 0x744aa000 	C:\WINDOWS\SYSTEM32\CRYPTSP.dll
0x741b0000 - 0x741ee000 	C:\WINDOWS\system32\rsaenh.dll
0x54e30000 - 0x54e6c000 	C:\Program Files\Java\jdk1.7.0_21\jre\bin\javafx-font.dll
0x6fdb0000 - 0x6fdc4000 	C:\Program Files\Java\jdk1.7.0_21\jre\bin\net.dll
0x74440000 - 0x7448a000 	C:\WINDOWS\system32\mswsock.dll
0x772b0000 - 0x77324000 	C:\WINDOWS\SYSTEM32\clbcatq.dll
0x72fc0000 - 0x73106000 	C:\WINDOWS\SYSTEM32\WindowsCodecs.dll
0x74a90000 - 0x74aa1000 	C:\WINDOWS\SYSTEM32\profapi.dll
0x742d0000 - 0x74345000 	C:\WINDOWS\SYSTEM32\DNSAPI.dll
0x6a380000 - 0x6a3a1000 	C:\Program Files\Bonjour\mdnsNSP.dll
0x71eb0000 - 0x71ed2000 	C:\WINDOWS\SYSTEM32\Iphlpapi.DLL
0x71e70000 - 0x71e78000 	C:\WINDOWS\SYSTEM32\WINNSI.DLL
0x6b6c0000 - 0x6b6c7000 	C:\Windows\System32\rasadhlp.dll
0x71e30000 - 0x71e6f000 	C:\WINDOWS\System32\fwpuclnt.dll
0x72710000 - 0x7271e000 	C:\Program Files\Java\jdk1.7.0_21\jre\bin\nio.dll
0x67df0000 - 0x67e10000 	C:\Program Files\Java\jdk1.7.0_21\jre\bin\sunec.dll
0x6ea30000 - 0x6ea39000 	C:\Program Files\Java\jdk1.7.0_21\jre\bin\sunmscapi.dll
0x74d40000 - 0x74ec8000 	C:\WINDOWS\system32\CRYPT32.dll
0x74b10000 - 0x74b22000 	C:\WINDOWS\system32\MSASN1.dll
0x74280000 - 0x7429b000 	C:\WINDOWS\SYSTEM32\USERENV.dll
0x6b700000 - 0x6b710000 	C:\WINDOWS\system32\napinsp.dll
0x6b6e0000 - 0x6b6f4000 	C:\WINDOWS\system32\pnrpnsp.dll
0x728a0000 - 0x728b0000 	C:\WINDOWS\system32\NLAapi.dll
0x6b6d0000 - 0x6b6d9000 	C:\WINDOWS\System32\winrnr.dll
0x6a370000 - 0x6a380000 	C:\WINDOWS\system32\wshbth.dll
0x67660000 - 0x6768f000 	C:\Program Files\Java\jdk1.7.0_21\jre\bin\javafx-iio.dll
0x54dc0000 - 0x54e27000 	C:\Program Files\Java\jdk1.7.0_21\jre\bin\glib-lite.dll
0x54d40000 - 0x54dbe000 	C:\Program Files\Java\jdk1.7.0_21\jre\bin\gstreamer-lite.dll
0x6c1b0000 - 0x6c234000 	C:\WINDOWS\SYSTEM32\DSOUND.dll
0x749a0000 - 0x749df000 	C:\WINDOWS\SYSTEM32\POWRPROF.dll
0x67db0000 - 0x67dcd000 	C:\Program Files\Java\jdk1.7.0_21\jre\bin\jfxmedia.dll
0x74890000 - 0x748b3000 	C:\WINDOWS\SYSTEM32\SspiCli.dll
0x54d00000 - 0x54d31000 	C:\Program Files\Java\jdk1.7.0_21\jre\bin\fxplugins.dll
0x72f00000 - 0x72f4d000 	C:\WINDOWS\System32\MMDevApi.dll
0x74c90000 - 0x74cae000 	C:\WINDOWS\system32\DEVOBJ.dll
0x74c40000 - 0x74c86000 	C:\WINDOWS\SYSTEM32\cfgmgr32.dll
0x6bf60000 - 0x6bfb4000 	C:\WINDOWS\SYSTEM32\AUDIOSES.DLL
0x5c860000 - 0x5c8f5000 	C:\Windows\System32\MFPlat.DLL
0x72700000 - 0x72708000 	C:\Windows\System32\AVRT.dll
0x67690000 - 0x677b9000 	C:\WINDOWS\SYSTEM32\dbghelp.dll

VM Arguments:
jvm_args: -Dfile.encoding=UTF-8 
java_command: com.firstjavafxproject.SlideOut
Launcher Type: SUN_STANDARD

Environment Variables:
JAVA_HOME=C:\Program Files\Java\jdk1.7.0_21
CLASSPATH=.;C:\Program Files\Java\jre7\lib\ext\QTJava.zip
PATH=C:\WINDOWS\system32;C:\WINDOWS;C:\WINDOWS\System32\Wbem;C:\WINDOWS\System32\WindowsPowerShell\v1.0\;C:\Program Files\Calibre2\;C:\Program Files\QuickTime\QTSystem\;C:\Program Files\Java\jdk1.7.0_21\bin\;.;
USERNAME=Ravjot
OS=Windows_NT
PROCESSOR_IDENTIFIER=x86 Family 6 Model 15 Stepping 13, GenuineIntel



---------------  S Y S T E M  ---------------

OS: Windows 8 Build 9200 

CPU:total 2 (2 cores per cpu, 1 threads per core) family 6 model 15 stepping 13, cmov, cx8, fxsr, mmx, sse, sse2, sse3, ssse3, tsc

Memory: 4k page, physical 3668028k(2014576k free), swap 7338044k(5426516k free)

vm_info: Java HotSpot(TM) Client VM (23.21-b01) for windows-x86 JRE (1.7.0_21-b11), built on Apr  4 2013 04:43:10 by "java_re" with unknown MS VC++:1600

time: Tue Jul 30 22:18:21 2013
elapsed time: 23 seconds

