#
# A fatal error has been detected by the Java Runtime Environment:
#
#  EXCEPTION_ACCESS_VIOLATION (0xc0000005) at pc=0x77270ed8, pid=2212, tid=5932
#
# JRE version: 6.0_21-b06
# Java VM: Java HotSpot(TM) Client VM (17.0-b16 mixed mode, sharing windows-x86 )
# Problematic frame:
# C  [ole32.dll+0x30ed8]
#
# If you would like to submit a bug report, please visit:
#   http://java.sun.com/webapps/bugreport/crash.jsp
# The crash happened outside the Java Virtual Machine in native code.
# See problematic frame for where to report the bug.
#

---------------  T H R E A D  ---------------

Current thread (0x042ab800):  JavaThread "AWT-EventQueue-0" [_thread_in_native, id=5932, stack(0x07df0000,0x07e40000)]

siginfo: ExceptionCode=0xc0000005, writing address 0x00000028

Registers:
EAX=0x07e3edfc, EBX=0x77370450, ECX=0x00000000, EDX=0x00000000
ESP=0x07e3edcc, EBP=0x07e3edd4, ESI=0x07e3edfc, EDI=0x00000028
EIP=0x77270ed8, EFLAGS=0x00010246

Top of Stack: (sp=0x07e3edcc)
0x07e3edcc:   001c3008 001f0248 07e3ee10 7727094c
0x07e3eddc:   07e3edfc 07ab7288 001c3008 00000000
0x07e3edec:   00000000 001a2ce8 001f0248 00000000
0x07e3edfc:   00008000 000008a4 cc723f5b fe19e03e
0x07e3ee0c:   a61559d8 07e3ee2c 77270772 07a977a0
0x07e3ee1c:   00000000 77369b6e 07bdd718 001c3008
0x07e3ee2c:   07e3ee78 772b1f52 a61559b0 07bdd718
0x07e3ee3c:   07bdd718 07ab7288 07e3ee5c 765c95ba 

Instructions: (pc=0x77270ed8)
0x77270ec8:   90 90 90 8b ff 55 8b ec 56 8b 75 08 57 8d 79 28
0x77270ed8:   a5 a5 a5 a5 5f 5e 5d c2 04 00 ff 75 0c ff 75 08 


Stack: [0x07df0000,0x07e40000],  sp=0x07e3edcc,  free space=13b07e3e900k
Native frames: (J=compiled Java code, j=interpreted, Vv=VM code, C=native code)
C  [ole32.dll+0x30ed8]
C  [ole32.dll+0x3094c]
C  [ole32.dll+0x30772]
C  [ole32.dll+0x71f52]

Java frames: (J=compiled Java code, j=interpreted, Vv=VM code)
j  sun.awt.windows.WComponentPeer.addNativeDropTarget()J+0
j  sun.awt.windows.WComponentPeer.addDropTarget(Ljava/awt/dnd/DropTarget;)V+9
j  java.awt.dnd.DropTarget.addNotify(Ljava/awt/peer/ComponentPeer;)V+60
j  java.awt.Component.addNotify()V+297
j  java.awt.Container.addNotify()V+8
j  javax.swing.JComponent.addNotify()V+1
j  java.awt.Container.addNotify()V+61
j  javax.swing.JComponent.addNotify()V+1
j  java.awt.Container.addNotify()V+61
j  javax.swing.JComponent.addNotify()V+1
j  java.awt.Container.addNotify()V+61
j  javax.swing.JComponent.addNotify()V+1
j  javax.swing.JRootPane.addNotify()V+5
j  java.awt.Container.addNotify()V+61
j  java.awt.Window.addNotify()V+73
j  java.awt.Dialog.addNotify()V+51
j  java.awt.Window.pack()V+28
j  javax.swing.JFileChooser.createDialog(Ljava/awt/Component;)Ljavax/swing/JDialog;+126
j  javax.swing.JFileChooser.showDialog(Ljava/awt/Component;Ljava/lang/String;)I+17
j  javax.swing.JFileChooser.showOpenDialog(Ljava/awt/Component;)I+8
j  Restore.SelectDir.process()Ljava/io/File;+33
j  Restore.RestoreFrame.jButton1ActionPerformed(Ljava/awt/event/ActionEvent;)V+9
j  Restore.RestoreFrame.access$000(LRestore/RestoreFrame;Ljava/awt/event/ActionEvent;)V+2
j  Restore.RestoreFrame$1.actionPerformed(Ljava/awt/event/ActionEvent;)V+5
j  javax.swing.AbstractButton.fireActionPerformed(Ljava/awt/event/ActionEvent;)V+84
j  javax.swing.AbstractButton$Handler.actionPerformed(Ljava/awt/event/ActionEvent;)V+5
j  javax.swing.DefaultButtonModel.fireActionPerformed(Ljava/awt/event/ActionEvent;)V+35
j  javax.swing.DefaultButtonModel.setPressed(Z)V+117
j  javax.swing.plaf.basic.BasicButtonListener.mouseReleased(Ljava/awt/event/MouseEvent;)V+35
j  java.awt.Component.processMouseEvent(Ljava/awt/event/MouseEvent;)V+64
j  javax.swing.JComponent.processMouseEvent(Ljava/awt/event/MouseEvent;)V+23
j  java.awt.Component.processEvent(Ljava/awt/AWTEvent;)V+81
j  java.awt.Container.processEvent(Ljava/awt/AWTEvent;)V+18
j  java.awt.Component.dispatchEventImpl(Ljava/awt/AWTEvent;)V+566
j  java.awt.Container.dispatchEventImpl(Ljava/awt/AWTEvent;)V+42
j  java.awt.Component.dispatchEvent(Ljava/awt/AWTEvent;)V+2
j  java.awt.LightweightDispatcher.retargetMouseEvent(Ljava/awt/Component;ILjava/awt/event/MouseEvent;)V+320
j  java.awt.LightweightDispatcher.processMouseEvent(Ljava/awt/event/MouseEvent;)Z+139
j  java.awt.LightweightDispatcher.dispatchEvent(Ljava/awt/AWTEvent;)Z+50
j  java.awt.Container.dispatchEventImpl(Ljava/awt/AWTEvent;)V+12
j  java.awt.Window.dispatchEventImpl(Ljava/awt/AWTEvent;)V+19
j  java.awt.Component.dispatchEvent(Ljava/awt/AWTEvent;)V+2
j  java.awt.EventQueue.dispatchEvent(Ljava/awt/AWTEvent;)V+46
j  java.awt.EventDispatchThread.pumpOneEventForFilters(I)Z+204
j  java.awt.EventDispatchThread.pumpEventsForFilter(ILjava/awt/Conditional;Ljava/awt/EventFilter;)V+30
j  java.awt.EventDispatchThread.pumpEventsForHierarchy(ILjava/awt/Conditional;Ljava/awt/Component;)V+11
j  java.awt.EventDispatchThread.pumpEvents(ILjava/awt/Conditional;)V+4
j  java.awt.EventDispatchThread.pumpEvents(Ljava/awt/Conditional;)V+3
j  java.awt.EventDispatchThread.run()V+9
v  ~StubRoutines::call_stub

---------------  P R O C E S S  ---------------

Java Threads: ( => current thread )
  0x07af1800 JavaThread "Basic L&F File Loading Thread" [_thread_blocked, id=3104, stack(0x09300000,0x09350000)]
  0x07af0c00 JavaThread "TimerQueue" daemon [_thread_blocked, id=1692, stack(0x09190000,0x091e0000)]
  0x07af0800 JavaThread "D3D Screen Updater" daemon [_thread_blocked, id=1948, stack(0x08df0000,0x08e40000)]
  0x042abc00 JavaThread "Swing-Shell" daemon [_thread_in_native, id=4204, stack(0x07e40000,0x07e90000)]
=>0x042ab800 JavaThread "AWT-EventQueue-0" [_thread_in_native, id=5932, stack(0x07df0000,0x07e40000)]
  0x042ab000 JavaThread "Thread-3" [_thread_blocked, id=5580, stack(0x07da0000,0x07df0000)]
  0x00ed9400 JavaThread "DestroyJavaVM" [_thread_blocked, id=1044, stack(0x000d0000,0x00120000)]
  0x04113c00 JavaThread "Image Fetcher 3" daemon [_thread_blocked, id=5448, stack(0x07800000,0x07850000)]
  0x04113800 JavaThread "Image Fetcher 2" daemon [_thread_blocked, id=3916, stack(0x077b0000,0x07800000)]
  0x04113000 JavaThread "Image Fetcher 1" daemon [_thread_blocked, id=2832, stack(0x07760000,0x077b0000)]
  0x04116000 JavaThread "Image Fetcher 0" daemon [_thread_blocked, id=4084, stack(0x07710000,0x07760000)]
  0x040e7c00 JavaThread "AWT-Windows" daemon [_thread_in_native, id=5732, stack(0x04840000,0x04890000)]
  0x040e7400 JavaThread "AWT-Shutdown" [_thread_blocked, id=5944, stack(0x047f0000,0x04840000)]
  0x040e4c00 JavaThread "Java2D Disposer" daemon [_thread_blocked, id=4464, stack(0x047a0000,0x047f0000)]
  0x01e56400 JavaThread "Low Memory Detector" daemon [_thread_blocked, id=880, stack(0x04010000,0x04060000)]
  0x01e4ac00 JavaThread "CompilerThread0" daemon [_thread_blocked, id=908, stack(0x03fc0000,0x04010000)]
  0x01e49400 JavaThread "Attach Listener" daemon [_thread_blocked, id=4828, stack(0x03f70000,0x03fc0000)]
  0x01e46400 JavaThread "Signal Dispatcher" daemon [_thread_blocked, id=4080, stack(0x03f20000,0x03f70000)]
  0x01e06400 JavaThread "Finalizer" daemon [_thread_blocked, id=3280, stack(0x03ed0000,0x03f20000)]
  0x01e01800 JavaThread "Reference Handler" daemon [_thread_blocked, id=5428, stack(0x01d40000,0x01d90000)]

Other Threads:
  0x01e00400 VMThread [stack: 0x00e80000,0x00ed0000] [id=3236]
  0x01e57c00 WatcherThread [stack: 0x04060000,0x040b0000] [id=5168]

VM state:not at safepoint (normal execution)

VM Mutex/Monitor currently owned by a thread: None

Heap
 def new generation   total 4928K, used 4649K [0x23ab0000, 0x24000000, 0x29000000)
  eden space 4416K,  93% used [0x23ab0000, 0x23eba528, 0x23f00000)
  from space 512K, 100% used [0x23f80000, 0x24000000, 0x24000000)
  to   space 512K,   0% used [0x23f00000, 0x23f00000, 0x23f80000)
 tenured generation   total 10944K, used 545K [0x29000000, 0x29ab0000, 0x33ab0000)
   the space 10944K,   4% used [0x29000000, 0x29088450, 0x29088600, 0x29ab0000)
 compacting perm gen  total 12288K, used 1198K [0x33ab0000, 0x346b0000, 0x37ab0000)
   the space 12288K,   9% used [0x33ab0000, 0x33bdb938, 0x33bdba00, 0x346b0000)
    ro space 10240K,  54% used [0x37ab0000, 0x3802c0f0, 0x3802c200, 0x384b0000)
    rw space 12288K,  55% used [0x384b0000, 0x38b4fb80, 0x38b4fc00, 0x390b0000)

Dynamic libraries:
0x00400000 - 0x00424000 	C:\Program Files\Java\jdk1.6.0_21\bin\java.exe
0x776f0000 - 0x77817000 	C:\Windows\system32\ntdll.dll
0x76580000 - 0x7665b000 	C:\Windows\system32\kernel32.dll
0x76430000 - 0x764f6000 	C:\Windows\system32\ADVAPI32.dll
0x77390000 - 0x77453000 	C:\Windows\system32\RPCRT4.dll
0x7c340000 - 0x7c396000 	C:\Program Files\Java\jdk1.6.0_21\jre\bin\msvcr71.dll
0x6d8b0000 - 0x6db57000 	C:\Program Files\Java\jdk1.6.0_21\jre\bin\client\jvm.dll
0x77460000 - 0x774fd000 	C:\Windows\system32\USER32.dll
0x76100000 - 0x7614b000 	C:\Windows\system32\GDI32.dll
0x74230000 - 0x74262000 	C:\Windows\system32\WINMM.dll
0x75f70000 - 0x7601a000 	C:\Windows\system32\msvcrt.dll
0x77240000 - 0x77384000 	C:\Windows\system32\ole32.dll
0x76070000 - 0x760fd000 	C:\Windows\system32\OLEAUT32.dll
0x741f0000 - 0x74229000 	C:\Windows\system32\OLEACC.dll
0x76660000 - 0x7667e000 	C:\Windows\system32\IMM32.DLL
0x76210000 - 0x762d8000 	C:\Windows\system32\MSCTF.dll
0x75da0000 - 0x75dcc000 	C:\Windows\system32\apphelp.dll
0x77190000 - 0x77199000 	C:\Windows\system32\LPK.DLL
0x76500000 - 0x7657d000 	C:\Windows\system32\USP10.dll
0x6d860000 - 0x6d86c000 	C:\Program Files\Java\jdk1.6.0_21\jre\bin\verify.dll
0x6d3e0000 - 0x6d3ff000 	C:\Program Files\Java\jdk1.6.0_21\jre\bin\java.dll
0x6d340000 - 0x6d348000 	C:\Program Files\Java\jdk1.6.0_21\jre\bin\hpi.dll
0x75f60000 - 0x75f67000 	C:\Windows\system32\PSAPI.DLL
0x6d8a0000 - 0x6d8af000 	C:\Program Files\Java\jdk1.6.0_21\jre\bin\zip.dll
0x6d0b0000 - 0x6d1fa000 	C:\Program Files\Java\jdk1.6.0_21\jre\bin\awt.dll
0x73840000 - 0x73882000 	C:\Windows\system32\WINSPOOL.DRV
0x74fb0000 - 0x7514e000 	C:\Windows\WinSxS\x86_microsoft.windows.common-controls_6595b64144ccf1df_6.0.6001.18000_none_5cdbaa5a083979cc\COMCTL32.dll
0x77500000 - 0x77558000 	C:\Windows\system32\SHLWAPI.dll
0x718c0000 - 0x718cc000 	C:\Windows\system32\DWMAPI.DLL
0x74930000 - 0x7496f000 	C:\Windows\system32\uxtheme.dll
0x76680000 - 0x7718f000 	C:\Windows\system32\shell32.dll
0x6d2e0000 - 0x6d334000 	C:\Program Files\Java\jdk1.6.0_21\jre\bin\fontmanager.dll
0x700a0000 - 0x7025a000 	C:\Windows\system32\d3d9.dll
0x75630000 - 0x75638000 	C:\Windows\system32\VERSION.dll
0x70b80000 - 0x70b86000 	C:\Windows\system32\d3d8thk.dll
0x10000000 - 0x104ec000 	C:\Windows\system32\nvd3dum.dll
0x771a0000 - 0x77224000 	C:\Windows\system32\CLBCatQ.DLL
0x77560000 - 0x776ea000 	C:\Windows\system32\SETUPAPI.dll
0x63e30000 - 0x64053000 	C:\Windows\system32\NetworkExplorer.dll
0x74570000 - 0x7462a000 	C:\Windows\system32\PROPSYS.dll
0x6ff90000 - 0x70097000 	C:\Windows\System32\shdocvw.dll
0x75e20000 - 0x75e3e000 	C:\Windows\system32\USERENV.dll
0x75e00000 - 0x75e14000 	C:\Windows\system32\Secur32.dll
0x759d0000 - 0x759e4000 	C:\Windows\system32\MPR.dll
0x669f0000 - 0x66a03000 	C:\Windows\System32\ntlanman.dll
0x75a70000 - 0x75ae5000 	C:\Windows\System32\NETAPI32.dll
0x672d0000 - 0x672d8000 	C:\Windows\System32\drprov.dll
0x66c10000 - 0x66c1f000 	C:\Windows\System32\davclnt.dll
0x6f6f0000 - 0x6f6fb000 	C:\Windows\system32\cscapi.dll
0x63530000 - 0x6379e000 	C:\Windows\system32\wpdshext.dll
0x74e00000 - 0x74fab000 	C:\Windows\WinSxS\x86_microsoft.windows.gdiplus_6595b64144ccf1df_1.0.6001.18000_none_9e752e5ac9c619f3\gdiplus.dll
0x71090000 - 0x710d6000 	C:\Windows\system32\PortableDeviceApi.dll
0x74c30000 - 0x74c5d000 	C:\Windows\system32\WINTRUST.dll
0x758d0000 - 0x759c1000 	C:\Windows\system32\CRYPT32.dll
0x75a30000 - 0x75a42000 	C:\Windows\system32\MSASN1.dll
0x762e0000 - 0x76309000 	C:\Windows\system32\imagehlp.dll
0x6cd10000 - 0x6cd3b000 	C:\Windows\system32\PortableDeviceTypes.dll
0x6a130000 - 0x6a16f000 	C:\Windows\system32\audiodev.dll
0x66040000 - 0x6628b000 	C:\Windows\system32\WMVCore.DLL
0x670a0000 - 0x670d9000 	C:\Windows\system32\WMASF.DLL
0x6d6c0000 - 0x6d6d3000 	C:\Program Files\Java\jdk1.6.0_21\jre\bin\net.dll
0x761e0000 - 0x7620d000 	C:\Windows\system32\WS2_32.dll
0x761d0000 - 0x761d6000 	C:\Windows\system32\NSI.dll
0x755c0000 - 0x755fb000 	C:\Windows\system32\mswsock.dll
0x75620000 - 0x75625000 	C:\Windows\System32\wship6.dll
0x6d6e0000 - 0x6d6e9000 	C:\Program Files\Java\jdk1.6.0_21\jre\bin\nio.dll
0x6d250000 - 0x6d273000 	C:\Program Files\Java\jdk1.6.0_21\jre\bin\dcpr.dll
0x75340000 - 0x7537b000 	C:\Windows\system32\rsaenh.dll

VM Arguments:
jvm_args: -Dfile.encoding=UTF-8 
java_command: EntryPoint.Main
Launcher Type: SUN_STANDARD

Environment Variables:
CLASSPATH=.;.;C:\PROGRA~1\JMF21~1.1E\lib\sound.jar;C:\PROGRA~1\JMF21~1.1E\lib\jmf.jar;C:\PROGRA~1\JMF21~1.1E\lib;
PATH=C:\PROGRA~1\RATIONAL\RATION~1\NUTCROOT\bin;C:\PROGRA~1\RATIONAL\RATION~1\NUTCROOT\bin\x11;C:\PROGRA~1\RATIONAL\RATION~1\NUTCROOT\mksnt;C:\Windows\system32;C:\Windows;C:\Windows\System32\Wbem;C:\Program Files\QuickTime\QTSystem\;C:\Program Files\Java\jdk1.6.0_21\bin\;.;C:\Program Files\Rational\common;C:\Program Files\Rational\ClearQuest;C:\Program Files\Rational\Rose\TopLink\;C:\Program Files\Rational\Rational Test;C:\Program Files\Java\jdk1.6.0_21\bin\;.;
USERNAME=Rav
SHELL=C:\PROGRA~1\RATIONAL\RATION~1\NUTCROOT\mksnt\sh.exe
DISPLAY=:0.0
OS=Windows_NT
PROCESSOR_IDENTIFIER=x86 Family 6 Model 15 Stepping 13, GenuineIntel



---------------  S Y S T E M  ---------------

OS: Windows Vista Build 6001 Service Pack 1

CPU:total 2 (2 cores per cpu, 1 threads per core) family 6 model 15 stepping 13, cmov, cx8, fxsr, mmx, sse, sse2, sse3, ssse3

Memory: 4k page, physical 3667092k(1409268k free), swap 7524392k(5385692k free)

vm_info: Java HotSpot(TM) Client VM (17.0-b16) for windows-x86 JRE (1.6.0_21-b06), built on Jun 22 2010 00:56:49 by "java_re" with MS VC++ 7.1 (VS2003)

time: Fri Jul 22 14:20:50 2011
elapsed time: 4 seconds

